<?xml version="1.0" encoding="UTF-8"?>
<!-- Generated by org.testng.reporters.JUnitReportReporter -->
<testsuite hostname="IN-HKTHST2" failures="0" tests="1" name="TestNGFramework.TakeScreenshot" time="17.716" errors="0" timestamp="2024-03-22T12:13:04 IST" skipped="0">
  <testcase classname="TestNGFramework.TakeScreenshot" name="screenshot" time="17.716"/>
  <system-out/>
</testsuite> <!-- TestNGFramework.TakeScreenshot -->
