<?xml version="1.0" encoding="UTF-8"?>
<!-- Generated by org.testng.reporters.JUnitReportReporter -->
<testsuite hostname="IN-HKTHST2" failures="0" tests="1" name="PopUps.BrowserNotificationPopUps" time="34.740" errors="0" timestamp="2024-03-21T12:30:06 IST" skipped="0">
  <testcase classname="PopUps.BrowserNotificationPopUps" name="BrowserNotificationPopUps" time="34.740"/>
  <system-out/>
</testsuite> <!-- PopUps.BrowserNotificationPopUps -->
