<?xml version="1.0" encoding="UTF-8"?>
<!-- Generated by org.testng.reporters.JUnitReportReporter -->
<testsuite hostname="IN-HKTHST2" failures="0" tests="1" name="Practice.Books_Test" time="22.701" errors="0" timestamp="2024-05-22T11:17:04 IST" skipped="0">
  <testcase classname="Practice.Books_Test" name="books" time="22.701">
    <system-out>
      <![CDATA[User is able to click on book]]>
    </system-out>
  </testcase> <!-- books -->
  <system-out>
    <![CDATA[the db connection is connected
user is able to write the precondition
user is able to launch the url
user is able to login into the application
User is able to click on book
usr is able to logout the session
user is able to close the browser
user is able to write the post condition
user is able to close the db connection]]>
  </system-out>
</testsuite> <!-- Practice.Books_Test -->
