<?xml version="1.0" encoding="UTF-8"?>
<!-- Generated by org.testng.reporters.JUnitReportReporter -->
<testsuite hostname="IN-HKTHST2" failures="0" tests="1" name="Session2.Assignment" time="29.723" errors="0" timestamp="2024-03-21T12:30:06 IST" skipped="0">
  <testcase classname="Session2.Assignment" name="Assignment" time="29.723"/>
  <system-out/>
</testsuite> <!-- Session2.Assignment -->
