<?xml version="1.0" encoding="UTF-8"?>
<!-- Generated by org.testng.reporters.JUnitReportReporter -->
<testsuite hostname="IN-HKTHST2" failures="0" tests="1" name="PopUps.AssignmentCalenderPopUp" time="8.990" errors="0" timestamp="2024-03-27T16:35:48 IST" skipped="0">
  <testcase classname="PopUps.AssignmentCalenderPopUp" name="AssignmentCalenderPopUp" time="8.990"/>
  <system-out/>
</testsuite> <!-- PopUps.AssignmentCalenderPopUp -->
