<?xml version="1.0" encoding="UTF-8"?>
<!-- Generated by org.testng.reporters.JUnitReportReporter -->
<testsuite hostname="IN-HKTHST2" failures="0" tests="2" name="TestNGFramework.DependantInDependantMethods" time="0.026" errors="0" timestamp="2024-05-06T16:14:43 IST" skipped="0">
  <testcase classname="TestNGFramework.DependantInDependantMethods" name="CreateAddress" time="0.016"/>
  <system-out/>
  <testcase classname="TestNGFramework.DependantInDependantMethods" name="ModifyAddress" time="0.010"/>
  <system-out/>
</testsuite> <!-- TestNGFramework.DependantInDependantMethods -->
