<?xml version="1.0" encoding="UTF-8"?>
<!-- Generated by org.testng.reporters.JUnitReportReporter -->
<testsuite hostname="IN-HKTHST2" failures="0" tests="1" name="TestNGFramework.Ex1" time="11.865" errors="0" timestamp="2024-03-19T12:40:30 IST" skipped="0">
  <testcase classname="TestNGFramework.Ex1" name="Saucelab" time="11.865"/>
  <system-out/>
</testsuite> <!-- TestNGFramework.Ex1 -->
