<?xml version="1.0" encoding="UTF-8"?>
<!-- Generated by org.testng.reporters.JUnitReportReporter -->
<testsuite hostname="IN-HKTHST2" failures="0" tests="3" name="TestNGFramework.MulitpleTestCasesUsingSingleClass" time="0.020" errors="0" timestamp="2024-03-19T12:59:19 IST" skipped="0">
  <testcase classname="TestNGFramework.MulitpleTestCasesUsingSingleClass" name="CreateAddress" time="0.016"/>
  <system-out/>
  <testcase classname="TestNGFramework.MulitpleTestCasesUsingSingleClass" name="DeleteAddress" time="0.002"/>
  <system-out/>
  <testcase classname="TestNGFramework.MulitpleTestCasesUsingSingleClass" name="ModifyAddress" time="0.002"/>
  <system-out/>
</testsuite> <!-- TestNGFramework.MulitpleTestCasesUsingSingleClass -->
