<?xml version="1.0" encoding="UTF-8"?>
<!-- Generated by org.testng.reporters.JUnitReportReporter -->
<testsuite hostname="IN-HKTHST2" failures="0" tests="1" name="TestNGFramework.TestNGImplementation" time="0.012" errors="0" timestamp="2024-03-20T17:53:10 IST" skipped="0">
  <testcase classname="TestNGFramework.TestNGImplementation" name="CreateAddress" time="0.012"/>
  <system-out/>
</testsuite> <!-- TestNGFramework.TestNGImplementation -->
