<?xml version="1.0" encoding="UTF-8"?>
<!-- Generated by org.testng.reporters.JUnitReportReporter -->
<testsuite hostname="IN-HKTHST2" failures="0" tests="3" name="TestNGFramework.MultipleTestCasesUsingTestNG" time="0.023" errors="0" timestamp="2024-03-19T12:56:46 IST" skipped="0">
  <testcase classname="TestNGFramework.MultipleTestCasesUsingTestNG" name="modifyAddress" time="0.017"/>
  <system-out/>
  <testcase classname="TestNGFramework.MultipleTestCasesUsingTestNG" name="CreateAddress" time="0.004"/>
  <system-out/>
  <testcase classname="TestNGFramework.MultipleTestCasesUsingTestNG" name="deleteAddress" time="0.002"/>
  <system-out/>
</testsuite> <!-- TestNGFramework.MultipleTestCasesUsingTestNG -->
