<?xml version="1.0" encoding="UTF-8"?>
<!-- Generated by org.testng.reporters.JUnitReportReporter -->
<testsuite hostname="IN-HKTHST2" failures="0" tests="3" name="TestNGFramework.EnabledorDisabledparticularMethod" time="0.032" errors="0" timestamp="2024-03-21T14:47:13 IST" skipped="1">
  <testcase classname="TestNGFramework.EnabledorDisabledparticularMethod" name="DeleteAddress" time="0.007"/>
  <system-out/>
  <testcase classname="TestNGFramework.EnabledorDisabledparticularMethod" name="CreateAddress" time="0.025"/>
  <system-out/>
  <testcase classname="TestNGFramework.EnabledorDisabledparticularMethod" name="ModifyAddress">
    <skipped/>
  </testcase> <!-- ModifyAddress -->
  <system-out/>
</testsuite> <!-- TestNGFramework.EnabledorDisabledparticularMethod -->
